<?xml version="1.0" encoding="UTF-8"?>
<testng-results ignored="0" total="1" passed="1" failed="0" skipped="0">
  <reporter-output>
  </reporter-output>
  <suite started-at="2026-06-27T09:35:35 IST" name="Default suite" finished-at="2026-06-27T09:35:57 IST" duration-ms="21270">
    <groups>
    </groups>
    <test started-at="2026-06-27T09:35:35 IST" name="Default test" finished-at="2026-06-27T09:35:57 IST" duration-ms="21270">
      <class name="mmtPackage.PopUpTest">
        <test-method is-config="true" signature="launchMmt()[pri:0, instance:mmtPackage.PopUpTest@2034b64c]" started-at="2026-06-27T09:35:35 IST" name="launchMmt" finished-at="2026-06-27T09:35:46 IST" duration-ms="10868" status="PASS">
          <reporter-output>
          </reporter-output>
        </test-method> <!-- launchMmt -->
        <test-method signature="popupTest()[pri:0, instance:mmtPackage.PopUpTest@2034b64c]" started-at="2026-06-27T09:35:46 IST" name="popupTest" finished-at="2026-06-27T09:35:56 IST" duration-ms="10168" status="PASS">
          <reporter-output>
          </reporter-output>
        </test-method> <!-- popupTest -->
        <test-method is-config="true" signature="closeMmt()[pri:0, instance:mmtPackage.PopUpTest@2034b64c]" started-at="2026-06-27T09:35:56 IST" name="closeMmt" finished-at="2026-06-27T09:35:57 IST" duration-ms="185" status="PASS">
          <reporter-output>
          </reporter-output>
        </test-method> <!-- closeMmt -->
      </class> <!-- mmtPackage.PopUpTest -->
    </test> <!-- Default test -->
  </suite> <!-- Default suite -->
</testng-results>
