<?xml version="1.0" encoding="UTF-8"?>
<!-- Generated by org.testng.reporters.JUnitReportReporter -->
<testsuite hostname="IBM-PF32XR77" failures="0" tests="1" name="conditionalWaitExample.ConditionalWait_ClickableElement" time="15.907" errors="0" timestamp="2024-04-14T01:07:26 IST" skipped="0">
  <testcase classname="conditionalWaitExample.ConditionalWait_ClickableElement" name="verifyLoginFeature" time="15.907"/>
  <system-out/>
</testsuite> <!-- conditionalWaitExample.ConditionalWait_ClickableElement -->
