<?xml version="1.0" encoding="UTF-8"?>
<!-- Generated by org.testng.reporters.JUnitReportReporter -->
<testsuite hostname="IBM-PF32XR77" failures="0" tests="4" name="reqres.TC_02_POST_CreateUser_DDT" time="4.856" errors="0" timestamp="2023-08-10T02:24:29 IST" skipped="0">
  <testcase classname="reqres.TC_02_POST_CreateUser_DDT" name="verifyListUserTest" time="0.587"/>
  <system-out/>
  <testcase classname="reqres.TC_02_POST_CreateUser_DDT" name="verifyListUserTest" time="3.073"/>
  <system-out/>
  <testcase classname="reqres.TC_02_POST_CreateUser_DDT" name="verifyListUserTest" time="0.581"/>
  <system-out/>
  <testcase classname="reqres.TC_02_POST_CreateUser_DDT" name="verifyListUserTest" time="0.615"/>
  <system-out/>
</testsuite> <!-- reqres.TC_02_POST_CreateUser_DDT -->
