<?xml version="1.0" encoding="UTF-8"?>
<!-- Generated by org.testng.reporters.JUnitReportReporter -->
<testsuite hostname="IBM-PF32XR77" failures="0" tests="2" name="retryExample.GoogleTest" time="0.017" errors="0" timestamp="2023-07-25T02:54:33 IST" skipped="0">
  <testcase classname="retryExample.GoogleTest" name="verifyGpayFeature" time="0.002"/>
  <system-out/>
  <testcase classname="retryExample.GoogleTest" name="searchItemOnGooglePage" time="0.015"/>
  <system-out/>
</testsuite> <!-- retryExample.GoogleTest -->
