<?xml version="1.0" encoding="UTF-8"?>
<!-- Generated by org.testng.reporters.JUnitReportReporter -->
<testsuite hostname="IBM-PF32XR77" failures="0" tests="2" name="controlExample.HandleDropdown" time="38.896" errors="0" timestamp="2023-07-18T09:38:00 IST" skipped="0">
  <testcase classname="controlExample.HandleDropdown" name="handleCarList" time="18.282"/>
  <system-out/>
  <testcase classname="controlExample.HandleDropdown" name="handleCountryList" time="20.614"/>
  <system-out/>
</testsuite> <!-- controlExample.HandleDropdown -->
