<?xml version="1.0" encoding="UTF-8"?>
<!-- Generated by org.testng.reporters.JUnitReportReporter -->
<testsuite hostname="IBM-PF32XR77" failures="0" tests="6" name="testNGExample.Amaozn_PriorityExample" time="0.034" errors="0" timestamp="2025-08-17T19:04:40 IST" skipped="1">
  <testcase classname="testNGExample.Amaozn_PriorityExample" name="login" time="0.017"/>
  <system-out/>
  <testcase classname="testNGExample.Amaozn_PriorityExample" name="searchItem" time="0.004"/>
  <system-out/>
  <testcase classname="testNGExample.Amaozn_PriorityExample" name="addItem" time="0.004"/>
  <system-out/>
  <testcase classname="testNGExample.Amaozn_PriorityExample" name="payment" time="0.004"/>
  <system-out/>
  <testcase classname="testNGExample.Amaozn_PriorityExample" name="logout" time="0.005"/>
  <system-out/>
  <testcase classname="testNGExample.Amaozn_PriorityExample" name="cancelOrder">
    <skipped/>
  </testcase> <!-- cancelOrder -->
  <system-out/>
</testsuite> <!-- testNGExample.Amaozn_PriorityExample -->
